[2025-05-14T09:09:51.066031+00:00] kickLiga.INFO: Datei nicht gefunden, leeres Array zurückgegeben: /Users/fietz.medien2/work/kickScript/kickLiga/app/Config/../../data/players.json [] []
[2025-05-14T09:10:19.841626+00:00] kickLiga.INFO: Datei nicht gefunden, leeres Array zurückgegeben: /Users/fietz.medien2/work/kickScript/kickLiga/app/Config/../../data/players.json [] []
[2025-05-14T09:10:19.842499+00:00] kickLiga.INFO: Daten erfolgreich in /Users/fietz.medien2/work/kickScript/kickLiga/app/Config/../../data/players.json gespeichert [] []
[2025-05-14T09:10:19.842543+00:00] kickLiga.INFO: Spieler Philipp (ID: player_68245dfbcd71d) gespeichert [] []
[2025-05-14T09:13:34.567283+00:00] kickLiga.INFO: Datei nicht gefunden, leeres Array zurückgegeben: /Users/fietz.medien2/work/kickScript/kickLiga/app/Config/../../data/matches.json [] []
[2025-05-14T09:13:34.567678+00:00] kickLiga.INFO: Datei nicht gefunden, leeres Array zurückgegeben: /Users/fietz.medien2/work/kickScript/kickLiga/app/Config/../../data/matches.json [] []
[2025-05-14T09:14:38.367812+00:00] kickLiga.INFO: Daten erfolgreich in /Users/fietz.medien2/work/kickScript/kickLiga/app/Config/../../data/players.json gespeichert [] []
[2025-05-14T09:14:38.368210+00:00] kickLiga.INFO: Spieler Philipp (ID: player_68245dfbcd71d) gelöscht [] []
[2025-05-14T09:15:32.573832+00:00] kickLiga.INFO: Daten erfolgreich in /Users/fietz.medien2/work/kickScript/kickLiga/app/Config/../../data/players.json gespeichert [] []
[2025-05-14T09:15:32.574237+00:00] kickLiga.INFO: Spieler Philipp (ID: player_68245f348bde5) gespeichert [] []
[2025-05-14T09:15:35.231375+00:00] kickLiga.INFO: Datei nicht gefunden, leeres Array zurückgegeben: /Users/fietz.medien2/work/kickScript/kickLiga/app/Config/../../data/matches.json [] []
[2025-05-14T09:15:35.231737+00:00] kickLiga.INFO: Datei nicht gefunden, leeres Array zurückgegeben: /Users/fietz.medien2/work/kickScript/kickLiga/app/Config/../../data/matches.json [] []
[2025-05-14T09:18:28.284303+00:00] kickLiga.INFO: Datei nicht gefunden, leeres Array zurückgegeben: /Users/fietz.medien2/work/kickScript/kickLiga/app/Config/../../data/matches.json [] []
[2025-05-14T09:18:28.284703+00:00] kickLiga.INFO: Datei nicht gefunden, leeres Array zurückgegeben: /Users/fietz.medien2/work/kickScript/kickLiga/app/Config/../../data/matches.json [] []
[2025-05-14T09:23:31.747720+00:00] kickLiga.INFO: Datei nicht gefunden, leeres Array zurückgegeben: /Users/fietz.medien2/work/kickScript/kickLiga/app/Config/../../data/matches.json [] []
[2025-05-14T09:23:31.748473+00:00] kickLiga.INFO: Datei nicht gefunden, leeres Array zurückgegeben: /Users/fietz.medien2/work/kickScript/kickLiga/app/Config/../../data/matches.json [] []
[2025-05-14T09:23:48.873883+00:00] kickLiga.INFO: Datei nicht gefunden, leeres Array zurückgegeben: /Users/fietz.medien2/work/kickScript/kickLiga/app/Config/../../data/matches.json [] []
[2025-05-14T09:23:48.874278+00:00] kickLiga.INFO: Datei nicht gefunden, leeres Array zurückgegeben: /Users/fietz.medien2/work/kickScript/kickLiga/app/Config/../../data/matches.json [] []
[2025-05-14T09:32:28.844739+00:00] kickLiga.INFO: Datei nicht gefunden, leeres Array zurückgegeben: /Users/fietz.medien2/work/kickScript/kickLiga/app/Config/../../data/matches.json [] []
[2025-05-14T09:32:28.845761+00:00] kickLiga.INFO: Datei nicht gefunden, leeres Array zurückgegeben: /Users/fietz.medien2/work/kickScript/kickLiga/app/Config/../../data/matches.json [] []
[2025-05-14T09:32:40.502475+00:00] kickLiga.INFO: Spieler mit ID new nicht gefunden [] []
[2025-05-14T09:32:46.353068+00:00] kickLiga.INFO: Spieler mit ID new nicht gefunden [] []
[2025-05-14T09:32:58.121435+00:00] kickLiga.INFO: Spieler mit ID new nicht gefunden [] []
[2025-05-14T09:32:59.470990+00:00] kickLiga.INFO: Datei nicht gefunden, leeres Array zurückgegeben: /Users/fietz.medien2/work/kickScript/kickLiga/app/Config/../../data/matches.json [] []
[2025-05-14T09:32:59.471107+00:00] kickLiga.INFO: Datei nicht gefunden, leeres Array zurückgegeben: /Users/fietz.medien2/work/kickScript/kickLiga/app/Config/../../data/matches.json [] []
[2025-05-14T10:40:08.065540+00:00] kickLiga.INFO: Datei nicht gefunden, leeres Array zurückgegeben: /Users/fietz.medien2/work/kickScript/kickLiga/app/Config/../../data/matches.json [] []
[2025-05-14T10:40:08.067180+00:00] kickLiga.INFO: Datei nicht gefunden, leeres Array zurückgegeben: /Users/fietz.medien2/work/kickScript/kickLiga/app/Config/../../data/matches.json [] []
[2025-05-14T10:40:09.526744+00:00] kickLiga.INFO: Datei nicht gefunden, leeres Array zurückgegeben: /Users/fietz.medien2/work/kickScript/kickLiga/app/Config/../../data/matches.json [] []
[2025-05-14T10:40:09.526876+00:00] kickLiga.INFO: Datei nicht gefunden, leeres Array zurückgegeben: /Users/fietz.medien2/work/kickScript/kickLiga/app/Config/../../data/matches.json [] []
[2025-05-14T10:40:16.137543+00:00] kickLiga.INFO: Spieler mit ID new nicht gefunden [] []
[2025-05-14T10:40:54.500690+00:00] kickLiga.INFO: Datei nicht gefunden, leeres Array zurückgegeben: /Users/fietz.medien2/work/kickScript/kickLiga/app/Config/../../data/matches.json [] []
[2025-05-14T10:40:54.501103+00:00] kickLiga.INFO: Datei nicht gefunden, leeres Array zurückgegeben: /Users/fietz.medien2/work/kickScript/kickLiga/app/Config/../../data/matches.json [] []
[2025-05-14T10:41:50.295907+00:00] kickLiga.INFO: Datei nicht gefunden, leeres Array zurückgegeben: /Users/fietz.medien2/work/kickScript/kickLiga/app/Config/../../data/matches.json [] []
[2025-05-14T10:41:50.296435+00:00] kickLiga.INFO: Datei nicht gefunden, leeres Array zurückgegeben: /Users/fietz.medien2/work/kickScript/kickLiga/app/Config/../../data/matches.json [] []
[2025-05-14T10:41:57.199044+00:00] kickLiga.INFO: Daten erfolgreich in /Users/fietz.medien2/work/kickScript/kickLiga/app/Config/../../data/players.json gespeichert [] []
[2025-05-14T10:41:57.199216+00:00] kickLiga.INFO: Spieler tester (ID: player_68247375301cf) gespeichert [] []
[2025-05-14T10:42:01.199892+00:00] kickLiga.INFO: Datei nicht gefunden, leeres Array zurückgegeben: /Users/fietz.medien2/work/kickScript/kickLiga/app/Config/../../data/matches.json [] []
[2025-05-14T10:42:01.200058+00:00] kickLiga.INFO: Datei nicht gefunden, leeres Array zurückgegeben: /Users/fietz.medien2/work/kickScript/kickLiga/app/Config/../../data/matches.json [] []
[2025-05-14T10:59:45.730043+00:00] kickLiga.INFO: Datei nicht gefunden, leeres Array zurückgegeben: /Users/fietz.medien2/work/kickScript/kickLiga/app/Config/../../data/matches.json [] []
[2025-05-14T10:59:45.730853+00:00] kickLiga.INFO: Datei nicht gefunden, leeres Array zurückgegeben: /Users/fietz.medien2/work/kickScript/kickLiga/app/Config/../../data/matches.json [] []
[2025-05-14T11:00:11.953999+00:00] kickLiga.INFO: Datei nicht gefunden, leeres Array zurückgegeben: /Users/fietz.medien2/work/kickScript/kickLiga/app/Config/../../data/matches.json [] []
[2025-05-14T13:06:31.160780+02:00] kickLiga.INFO: Datei nicht gefunden, leeres Array zurückgegeben: /Users/fietz.medien2/work/kickScript/kickLiga/app/Config/../../data/matches.json [] []
[2025-05-14T13:06:31.161231+02:00] kickLiga.INFO: Datei nicht gefunden, leeres Array zurückgegeben: /Users/fietz.medien2/work/kickScript/kickLiga/app/Config/../../data/matches.json [] []
[2025-05-14T13:06:32.430596+02:00] kickLiga.INFO: Datei nicht gefunden, leeres Array zurückgegeben: /Users/fietz.medien2/work/kickScript/kickLiga/app/Config/../../data/matches.json [] []
[2025-05-14T13:06:32.430741+02:00] kickLiga.INFO: Datei nicht gefunden, leeres Array zurückgegeben: /Users/fietz.medien2/work/kickScript/kickLiga/app/Config/../../data/matches.json [] []
[2025-05-14T13:08:06.795441+02:00] kickLiga.INFO: ELO-Änderungen berechnet: Philipp (22), tester (-22) [] []
[2025-05-14T13:08:06.796365+02:00] kickLiga.INFO: Spielerstatistiken aktualisiert für: Philipp und tester [] []
[2025-05-14T13:08:06.796415+02:00] kickLiga.INFO: Datei nicht gefunden, leeres Array zurückgegeben: /Users/fietz.medien2/work/kickScript/kickLiga/app/Config/../../data/matches.json [] []
[2025-05-14T13:08:06.797294+02:00] kickLiga.INFO: Daten erfolgreich in /Users/fietz.medien2/work/kickScript/kickLiga/app/Config/../../data/matches.json gespeichert [] []
[2025-05-14T13:08:06.797610+02:00] kickLiga.INFO: Match match_68247996c1f65 gespeichert [] []
[2025-05-14T13:08:06.799612+02:00] kickLiga.INFO: Daten erfolgreich in /Users/fietz.medien2/work/kickScript/kickLiga/app/Config/../../data/players.json gespeichert [] []
[2025-05-14T13:08:06.799660+02:00] kickLiga.INFO: Spieler Philipp (ID: player_68245f348bde5) gespeichert [] []
[2025-05-14T13:08:06.800520+02:00] kickLiga.INFO: Daten erfolgreich in /Users/fietz.medien2/work/kickScript/kickLiga/app/Config/../../data/players.json gespeichert [] []
[2025-05-14T13:08:06.800552+02:00] kickLiga.INFO: Spieler tester (ID: player_68247375301cf) gespeichert [] []
[2025-05-14T13:08:06.800574+02:00] kickLiga.INFO: Match erstellt: Philipp vs tester (10:5) [] []
[2025-05-14T13:10:56.163523+02:00] kickLiga.INFO: ELO-Änderungen berechnet: Philipp (18), tester (-18) [] []
[2025-05-14T13:10:56.164224+02:00] kickLiga.INFO: Spielerstatistiken aktualisiert für: Philipp und tester [] []
[2025-05-14T13:10:56.165644+02:00] kickLiga.INFO: Daten erfolgreich in /Users/fietz.medien2/work/kickScript/kickLiga/app/Config/../../data/matches.json gespeichert [] []
[2025-05-14T13:10:56.165707+02:00] kickLiga.INFO: Match match_68247a4027e81 gespeichert [] []
[2025-05-14T13:10:56.167074+02:00] kickLiga.INFO: Daten erfolgreich in /Users/fietz.medien2/work/kickScript/kickLiga/app/Config/../../data/players.json gespeichert [] []
[2025-05-14T13:10:56.167135+02:00] kickLiga.INFO: Spieler Philipp (ID: player_68245f348bde5) gespeichert [] []
[2025-05-14T13:10:56.167706+02:00] kickLiga.INFO: Daten erfolgreich in /Users/fietz.medien2/work/kickScript/kickLiga/app/Config/../../data/players.json gespeichert [] []
[2025-05-14T13:10:56.167799+02:00] kickLiga.INFO: Spieler tester (ID: player_68247375301cf) gespeichert [] []
[2025-05-14T13:10:56.167911+02:00] kickLiga.INFO: Match erstellt: Philipp vs tester (10:6) [] []
[2025-05-14T13:11:58.116063+02:00] kickLiga.INFO: ELO-Änderungen berechnet: Philipp (16), tester (-16) [] []
[2025-05-14T13:11:58.116635+02:00] kickLiga.INFO: Spielerstatistiken aktualisiert für: Philipp und tester [] []
[2025-05-14T13:11:58.117518+02:00] kickLiga.INFO: Daten erfolgreich in /Users/fietz.medien2/work/kickScript/kickLiga/app/Config/../../data/matches.json gespeichert [] []
[2025-05-14T13:11:58.117550+02:00] kickLiga.INFO: Match match_68247a7e1c532 gespeichert [] []
[2025-05-14T13:11:58.118298+02:00] kickLiga.INFO: Daten erfolgreich in /Users/fietz.medien2/work/kickScript/kickLiga/app/Config/../../data/players.json gespeichert [] []
[2025-05-14T13:11:58.118337+02:00] kickLiga.INFO: Spieler Philipp (ID: player_68245f348bde5) gespeichert [] []
[2025-05-14T13:11:58.118870+02:00] kickLiga.INFO: Daten erfolgreich in /Users/fietz.medien2/work/kickScript/kickLiga/app/Config/../../data/players.json gespeichert [] []
[2025-05-14T13:11:58.118907+02:00] kickLiga.INFO: Spieler tester (ID: player_68247375301cf) gespeichert [] []
[2025-05-14T13:11:58.118931+02:00] kickLiga.INFO: Match erstellt: Philipp vs tester (10:6) [] []
[2025-05-14T13:12:28.056463+02:00] kickLiga.INFO: ELO-Änderungen berechnet: Philipp (-29), tester (29) [] []
[2025-05-14T13:12:28.056897+02:00] kickLiga.INFO: Spielerstatistiken aktualisiert für: Philipp und tester [] []
[2025-05-14T13:12:28.057831+02:00] kickLiga.INFO: Daten erfolgreich in /Users/fietz.medien2/work/kickScript/kickLiga/app/Config/../../data/matches.json gespeichert [] []
[2025-05-14T13:12:28.057874+02:00] kickLiga.INFO: Match match_68247a9c0dc63 gespeichert [] []
[2025-05-14T13:12:28.058526+02:00] kickLiga.INFO: Daten erfolgreich in /Users/fietz.medien2/work/kickScript/kickLiga/app/Config/../../data/players.json gespeichert [] []
[2025-05-14T13:12:28.058560+02:00] kickLiga.INFO: Spieler Philipp (ID: player_68245f348bde5) gespeichert [] []
[2025-05-14T13:12:28.059152+02:00] kickLiga.INFO: Daten erfolgreich in /Users/fietz.medien2/work/kickScript/kickLiga/app/Config/../../data/players.json gespeichert [] []
[2025-05-14T13:12:28.059190+02:00] kickLiga.INFO: Spieler tester (ID: player_68247375301cf) gespeichert [] []
[2025-05-14T13:12:28.059237+02:00] kickLiga.INFO: Match erstellt: Philipp vs tester (5:10) [] []
[2025-05-14T13:37:31.079926+02:00] kickLiga.INFO: Datei nicht gefunden, leeres Array zurückgegeben: /Users/fietz.medien2/work/kickScript/kickLiga/app/Config/../../data/seasons.json [] []
[2025-05-14T13:37:31.080524+02:00] kickLiga.INFO: Datei nicht gefunden, leeres Array zurückgegeben: /Users/fietz.medien2/work/kickScript/kickLiga/app/Config/../../data/seasons.json [] []
[2025-05-14T13:38:38.094041+02:00] kickLiga.INFO: Datei nicht gefunden, leeres Array zurückgegeben: /Users/fietz.medien2/work/kickScript/kickLiga/app/Config/../../data/seasons.json [] []
[2025-05-14T13:38:38.094501+02:00] kickLiga.INFO: Datei nicht gefunden, leeres Array zurückgegeben: /Users/fietz.medien2/work/kickScript/kickLiga/app/Config/../../data/seasons.json [] []
[2025-05-14T13:39:20.653362+02:00] kickLiga.INFO: Datei nicht gefunden, leeres Array zurückgegeben: /Users/fietz.medien2/work/kickScript/kickLiga/app/Config/../../data/seasons.json [] []
[2025-05-14T13:39:20.653547+02:00] kickLiga.INFO: Datei nicht gefunden, leeres Array zurückgegeben: /Users/fietz.medien2/work/kickScript/kickLiga/app/Config/../../data/seasons.json [] []
[2025-05-14T13:39:51.399246+02:00] kickLiga.INFO: Datei nicht gefunden, leeres Array zurückgegeben: /Users/fietz.medien2/work/kickScript/kickLiga/app/Config/../../data/seasons.json [] []
[2025-05-14T13:39:51.399456+02:00] kickLiga.INFO: Datei nicht gefunden, leeres Array zurückgegeben: /Users/fietz.medien2/work/kickScript/kickLiga/app/Config/../../data/seasons.json [] []
[2025-05-14T13:40:00.004242+02:00] kickLiga.INFO: Datei nicht gefunden, leeres Array zurückgegeben: /Users/fietz.medien2/work/kickScript/kickLiga/app/Config/../../data/seasons.json [] []
[2025-05-14T13:40:00.004429+02:00] kickLiga.INFO: Datei nicht gefunden, leeres Array zurückgegeben: /Users/fietz.medien2/work/kickScript/kickLiga/app/Config/../../data/seasons.json [] []
[2025-05-14T13:40:49.813247+02:00] kickLiga.INFO: Datei nicht gefunden, leeres Array zurückgegeben: /Users/fietz.medien2/work/kickScript/kickLiga/app/Config/../../data/seasons.json [] []
[2025-05-14T13:40:49.816058+02:00] kickLiga.INFO: Daten erfolgreich in /Users/fietz.medien2/work/kickScript/kickLiga/app/Config/../../data/seasons.json gespeichert [] []
[2025-05-14T13:40:49.816159+02:00] kickLiga.INFO: Saison Mai 25 (ID: season_68248141c65e9) gespeichert [] []
[2025-05-14T13:40:49.816199+02:00] kickLiga.INFO: Neue Saison 'Mai 25' erstellt [] []
[2025-05-14T13:40:49.817598+02:00] kickLiga.INFO: Daten erfolgreich in /Users/fietz.medien2/work/kickScript/kickLiga/app/Config/../../data/seasons.json gespeichert [] []
[2025-05-14T13:40:49.817652+02:00] kickLiga.INFO: Saison Mai 25 (ID: season_68248141c65e9) gespeichert [] []
[2025-05-14T13:41:35.397477+02:00] kickLiga.INFO: Daten erfolgreich in /Users/fietz.medien2/work/kickScript/kickLiga/app/Config/../../data/seasons.json gespeichert [] []
[2025-05-14T13:41:35.398056+02:00] kickLiga.INFO: Saison Mai 25 (ID: season_68248141c65e9) gespeichert [] []
[2025-05-14T13:42:06.636407+02:00] kickLiga.INFO: Daten erfolgreich in /Users/fietz.medien2/work/kickScript/kickLiga/app/Config/../../data/seasons.json gespeichert [] []
[2025-05-14T13:42:06.636922+02:00] kickLiga.INFO: Saison Mai 25 2 (ID: season_6824818e9ae9c) gespeichert [] []
[2025-05-14T13:42:06.636967+02:00] kickLiga.INFO: Neue Saison 'Mai 25 2' erstellt [] []
[2025-05-14T13:42:06.638603+02:00] kickLiga.INFO: Daten erfolgreich in /Users/fietz.medien2/work/kickScript/kickLiga/app/Config/../../data/seasons.json gespeichert [] []
[2025-05-14T13:42:06.638657+02:00] kickLiga.INFO: Saison Mai 25 2 (ID: season_6824818e9ae9c) gespeichert [] []
[2025-05-14T13:44:41.983319+02:00] kickLiga.INFO: Daten erfolgreich in /Users/fietz.medien2/work/kickScript/kickLiga/app/Config/../../data/seasons.json gespeichert [] []
[2025-05-14T13:44:41.984136+02:00] kickLiga.INFO: Saison Mai 25 2 (ID: season_6824818e9ae9c) gespeichert [] []
[2025-05-14T13:44:57.728138+02:00] kickLiga.INFO: Daten erfolgreich in /Users/fietz.medien2/work/kickScript/kickLiga/app/Config/../../data/seasons.json gespeichert [] []
[2025-05-14T13:44:57.728302+02:00] kickLiga.INFO: Saison Mai (ID: season_68248239b1781) gespeichert [] []
[2025-05-14T13:44:57.728330+02:00] kickLiga.INFO: Neue Saison 'Mai' erstellt, Beginn: 2025-05-01 [] []
[2025-05-14T13:44:57.729637+02:00] kickLiga.INFO: Daten erfolgreich in /Users/fietz.medien2/work/kickScript/kickLiga/app/Config/../../data/seasons.json gespeichert [] []
[2025-05-14T13:44:57.729674+02:00] kickLiga.INFO: Saison Mai (ID: season_68248239b1781) gespeichert [] []
[2025-05-14T14:01:46.073894+02:00] kickLiga.INFO: Datei nicht gefunden, leeres Array zurückgegeben: /Users/fietz.medien2/work/kickScript/kickLiga/app/Config/../../data/players.json [] []
[2025-05-14T14:01:47.568309+02:00] kickLiga.INFO: Datei nicht gefunden, leeres Array zurückgegeben: /Users/fietz.medien2/work/kickScript/kickLiga/app/Config/../../data/players.json [] []
[2025-05-14T14:01:47.568441+02:00] kickLiga.INFO: Datei nicht gefunden, leeres Array zurückgegeben: /Users/fietz.medien2/work/kickScript/kickLiga/app/Config/../../data/players.json [] []
[2025-05-14T14:01:47.568475+02:00] kickLiga.INFO: Datei nicht gefunden, leeres Array zurückgegeben: /Users/fietz.medien2/work/kickScript/kickLiga/app/Config/../../data/matches.json [] []
[2025-05-14T14:01:47.568500+02:00] kickLiga.INFO: Datei nicht gefunden, leeres Array zurückgegeben: /Users/fietz.medien2/work/kickScript/kickLiga/app/Config/../../data/matches.json [] []
[2025-05-14T14:01:47.568524+02:00] kickLiga.INFO: Datei nicht gefunden, leeres Array zurückgegeben: /Users/fietz.medien2/work/kickScript/kickLiga/app/Config/../../data/seasons.json [] []
[2025-05-14T14:01:47.568546+02:00] kickLiga.INFO: Datei nicht gefunden, leeres Array zurückgegeben: /Users/fietz.medien2/work/kickScript/kickLiga/app/Config/../../data/seasons.json [] []
[2025-05-14T14:01:51.528036+02:00] kickLiga.INFO: Datei nicht gefunden, leeres Array zurückgegeben: /Users/fietz.medien2/work/kickScript/kickLiga/app/Config/../../data/players.json [] []
[2025-05-14T14:02:22.526112+02:00] kickLiga.INFO: Datei nicht gefunden, leeres Array zurückgegeben: /Users/fietz.medien2/work/kickScript/kickLiga/app/Config/../../data/players.json [] []
[2025-05-14T14:02:22.527273+02:00] kickLiga.INFO: Daten erfolgreich in /Users/fietz.medien2/work/kickScript/kickLiga/app/Config/../../data/players.json gespeichert [] []
[2025-05-14T14:02:22.527323+02:00] kickLiga.INFO: Spieler Tralalero Tralala (ID: player_6824864e806f9) gespeichert [] []
[2025-05-14T14:02:22.532424+02:00] kickLiga.INFO: Datei nicht gefunden, leeres Array zurückgegeben: /Users/fietz.medien2/work/kickScript/kickLiga/app/Config/../../data/matches.json [] []
[2025-05-14T14:02:59.215407+02:00] kickLiga.INFO: Daten erfolgreich in /Users/fietz.medien2/work/kickScript/kickLiga/app/Config/../../data/players.json gespeichert [] []
[2025-05-14T14:02:59.215786+02:00] kickLiga.INFO: Spieler Tung Tung Tung Tung Tung Sahur (ID: player_68248673345da) gespeichert [] []
[2025-05-14T14:02:59.221181+02:00] kickLiga.INFO: Datei nicht gefunden, leeres Array zurückgegeben: /Users/fietz.medien2/work/kickScript/kickLiga/app/Config/../../data/matches.json [] []
[2025-05-14T14:03:44.670463+02:00] kickLiga.INFO: Daten erfolgreich in /Users/fietz.medien2/work/kickScript/kickLiga/app/Config/../../data/players.json gespeichert [] []
[2025-05-14T14:03:44.671083+02:00] kickLiga.INFO: Spieler Bombardiro Crocodilo (ID: player_682486a0a34bd) gespeichert [] []
[2025-05-14T14:03:44.676980+02:00] kickLiga.INFO: Datei nicht gefunden, leeres Array zurückgegeben: /Users/fietz.medien2/work/kickScript/kickLiga/app/Config/../../data/matches.json [] []
[2025-05-14T14:03:45.882627+02:00] kickLiga.INFO: Datei nicht gefunden, leeres Array zurückgegeben: /Users/fietz.medien2/work/kickScript/kickLiga/app/Config/../../data/matches.json [] []
[2025-05-14T14:03:45.882749+02:00] kickLiga.INFO: Datei nicht gefunden, leeres Array zurückgegeben: /Users/fietz.medien2/work/kickScript/kickLiga/app/Config/../../data/matches.json [] []
[2025-05-14T14:03:45.883033+02:00] kickLiga.INFO: Datei nicht gefunden, leeres Array zurückgegeben: /Users/fietz.medien2/work/kickScript/kickLiga/app/Config/../../data/seasons.json [] []
[2025-05-14T14:03:45.883072+02:00] kickLiga.INFO: Datei nicht gefunden, leeres Array zurückgegeben: /Users/fietz.medien2/work/kickScript/kickLiga/app/Config/../../data/seasons.json [] []
[2025-05-14T14:04:13.824469+02:00] kickLiga.INFO: Datei nicht gefunden, leeres Array zurückgegeben: /Users/fietz.medien2/work/kickScript/kickLiga/app/Config/../../data/seasons.json [] []
[2025-05-14T14:04:13.825255+02:00] kickLiga.INFO: Daten erfolgreich in /Users/fietz.medien2/work/kickScript/kickLiga/app/Config/../../data/seasons.json gespeichert [] []
[2025-05-14T14:04:13.825298+02:00] kickLiga.INFO: Saison OG first season (ID: season_682486bdc92dd) gespeichert [] []
[2025-05-14T14:04:13.825325+02:00] kickLiga.INFO: Neue Saison 'OG first season' erstellt, Beginn: 2025-05-01 [] []
[2025-05-14T14:04:13.825357+02:00] kickLiga.INFO: Datei nicht gefunden, leeres Array zurückgegeben: /Users/fietz.medien2/work/kickScript/kickLiga/app/Config/../../data/matches.json [] []
[2025-05-14T14:04:13.826059+02:00] kickLiga.INFO: Daten erfolgreich in /Users/fietz.medien2/work/kickScript/kickLiga/app/Config/../../data/seasons.json gespeichert [] []
[2025-05-14T14:04:13.826123+02:00] kickLiga.INFO: Saison OG first season (ID: season_682486bdc92dd) gespeichert [] []
[2025-05-14T14:04:13.832324+02:00] kickLiga.INFO: Datei nicht gefunden, leeres Array zurückgegeben: /Users/fietz.medien2/work/kickScript/kickLiga/app/Config/../../data/matches.json [] []
[2025-05-14T14:04:17.337004+02:00] kickLiga.INFO: Datei nicht gefunden, leeres Array zurückgegeben: /Users/fietz.medien2/work/kickScript/kickLiga/app/Config/../../data/matches.json [] []
[2025-05-14T14:04:17.337178+02:00] kickLiga.INFO: Datei nicht gefunden, leeres Array zurückgegeben: /Users/fietz.medien2/work/kickScript/kickLiga/app/Config/../../data/matches.json [] []
[2025-05-14T14:05:10.964933+02:00] kickLiga.INFO: ELO-Änderungen berechnet: Bombardiro Crocodilo (-27), Tralalero Tralala (27) [] []
[2025-05-14T14:05:10.965222+02:00] kickLiga.INFO: Spielerstatistiken aktualisiert für: Bombardiro Crocodilo und Tralalero Tralala [] []
[2025-05-14T14:05:10.965258+02:00] kickLiga.INFO: Datei nicht gefunden, leeres Array zurückgegeben: /Users/fietz.medien2/work/kickScript/kickLiga/app/Config/../../data/matches.json [] []
[2025-05-14T14:05:10.965779+02:00] kickLiga.INFO: Daten erfolgreich in /Users/fietz.medien2/work/kickScript/kickLiga/app/Config/../../data/matches.json gespeichert [] []
[2025-05-14T14:05:10.965868+02:00] kickLiga.INFO: Match match_682486f6eb8e2 gespeichert [] []
[2025-05-14T14:05:10.967428+02:00] kickLiga.INFO: Daten erfolgreich in /Users/fietz.medien2/work/kickScript/kickLiga/app/Config/../../data/players.json gespeichert [] []
[2025-05-14T14:05:10.967503+02:00] kickLiga.INFO: Spieler Bombardiro Crocodilo (ID: player_682486a0a34bd) gespeichert [] []
[2025-05-14T14:05:10.969011+02:00] kickLiga.INFO: Daten erfolgreich in /Users/fietz.medien2/work/kickScript/kickLiga/app/Config/../../data/players.json gespeichert [] []
[2025-05-14T14:05:10.969110+02:00] kickLiga.INFO: Spieler Tralalero Tralala (ID: player_6824864e806f9) gespeichert [] []
[2025-05-14T14:05:10.969204+02:00] kickLiga.INFO: Match erstellt: Bombardiro Crocodilo vs Tralalero Tralala (2:10) [] []
[2025-05-14T14:05:10.970622+02:00] kickLiga.INFO: Daten erfolgreich in /Users/fietz.medien2/work/kickScript/kickLiga/app/Config/../../data/seasons.json gespeichert [] []
[2025-05-14T14:05:10.970690+02:00] kickLiga.INFO: Saison OG first season (ID: season_682486bdc92dd) gespeichert [] []
[2025-05-14T14:05:58.968088+02:00] kickLiga.INFO: ELO-Änderungen berechnet: Tung Tung Tung Tung Tung Sahur (17), Tralalero Tralala (-17) [] []
[2025-05-14T14:05:58.968396+02:00] kickLiga.INFO: Spielerstatistiken aktualisiert für: Tung Tung Tung Tung Tung Sahur und Tralalero Tralala [] []
[2025-05-14T14:05:58.968848+02:00] kickLiga.INFO: Daten erfolgreich in /Users/fietz.medien2/work/kickScript/kickLiga/app/Config/../../data/matches.json gespeichert [] []
[2025-05-14T14:05:58.969135+02:00] kickLiga.INFO: Match match_68248726ec318 gespeichert [] []
[2025-05-14T14:05:58.969891+02:00] kickLiga.INFO: Daten erfolgreich in /Users/fietz.medien2/work/kickScript/kickLiga/app/Config/../../data/players.json gespeichert [] []
[2025-05-14T14:05:58.969925+02:00] kickLiga.INFO: Spieler Tung Tung Tung Tung Tung Sahur (ID: player_68248673345da) gespeichert [] []
[2025-05-14T14:05:58.970651+02:00] kickLiga.INFO: Daten erfolgreich in /Users/fietz.medien2/work/kickScript/kickLiga/app/Config/../../data/players.json gespeichert [] []
[2025-05-14T14:05:58.970691+02:00] kickLiga.INFO: Spieler Tralalero Tralala (ID: player_6824864e806f9) gespeichert [] []
[2025-05-14T14:05:58.970721+02:00] kickLiga.INFO: Match erstellt: Tung Tung Tung Tung Tung Sahur vs Tralalero Tralala (10:9) [] []
[2025-05-14T14:05:58.972399+02:00] kickLiga.INFO: Daten erfolgreich in /Users/fietz.medien2/work/kickScript/kickLiga/app/Config/../../data/seasons.json gespeichert [] []
[2025-05-14T14:05:58.972459+02:00] kickLiga.INFO: Saison OG first season (ID: season_682486bdc92dd) gespeichert [] []
[2025-05-14T14:06:32.021472+02:00] kickLiga.INFO: ELO-Änderungen berechnet: Tung Tung Tung Tung Tung Sahur (18), Bombardiro Crocodilo (-18) [] []
[2025-05-14T14:06:32.021946+02:00] kickLiga.INFO: Spielerstatistiken aktualisiert für: Tung Tung Tung Tung Tung Sahur und Bombardiro Crocodilo [] []
[2025-05-14T14:06:32.022769+02:00] kickLiga.INFO: Daten erfolgreich in /Users/fietz.medien2/work/kickScript/kickLiga/app/Config/../../data/matches.json gespeichert [] []
[2025-05-14T14:06:32.022806+02:00] kickLiga.INFO: Match match_682487480539e gespeichert [] []
[2025-05-14T14:06:32.023346+02:00] kickLiga.INFO: Daten erfolgreich in /Users/fietz.medien2/work/kickScript/kickLiga/app/Config/../../data/players.json gespeichert [] []
[2025-05-14T14:06:32.023384+02:00] kickLiga.INFO: Spieler Tung Tung Tung Tung Tung Sahur (ID: player_68248673345da) gespeichert [] []
[2025-05-14T14:06:32.025432+02:00] kickLiga.INFO: Daten erfolgreich in /Users/fietz.medien2/work/kickScript/kickLiga/app/Config/../../data/players.json gespeichert [] []
[2025-05-14T14:06:32.025551+02:00] kickLiga.INFO: Spieler Bombardiro Crocodilo (ID: player_682486a0a34bd) gespeichert [] []
[2025-05-14T14:06:32.025586+02:00] kickLiga.INFO: Match erstellt: Tung Tung Tung Tung Tung Sahur vs Bombardiro Crocodilo (10:6) [] []
[2025-05-14T14:06:32.026859+02:00] kickLiga.INFO: Daten erfolgreich in /Users/fietz.medien2/work/kickScript/kickLiga/app/Config/../../data/seasons.json gespeichert [] []
[2025-05-14T14:06:32.026930+02:00] kickLiga.INFO: Saison OG first season (ID: season_682486bdc92dd) gespeichert [] []
[2025-05-14T14:13:12.226244+02:00] kickLiga.INFO: Daten erfolgreich in /Users/fietz.medien2/work/kickScript/kickLiga/app/Config/../../data/players.json gespeichert [] []
[2025-05-14T14:13:12.227395+02:00] kickLiga.INFO: Spieler Phil (ID: player_682488d836b86) gespeichert [] []
